build/app/intermediates/manifest_merge_blame_file/debug/manifest-merger-blame-debug-report.txt
1<?xml version="1.0" encoding="utf-8"?>
2<manifest xmlns:android="http://schemas.android.com/apk/res/android"
3    package="com.pablovaranaranjo.flutterchat"
4    android:versionCode="1"
5    android:versionName="1.0.0" >
6
7    <uses-sdk
8        android:minSdkVersion="21"
9        android:targetSdkVersion="33" />
10    <!--
11         The INTERNET permission is required for development. Specifically,
12         the Flutter tool needs it to communicate with the running application
13         to allow setting breakpoints, to provide hot reload, etc.
14    -->
15    <uses-permission android:name="android.permission.INTERNET" />
15-->src\debug\AndroidManifest.xml:6:5-66
15-->src\debug\AndroidManifest.xml:6:22-64
16    <uses-permission android:name="android.permission.ACCESS_NETWORK_STATE" />
16-->[com.google.firebase:firebase-auth:22.3.1] AndroidManifest.xml:26:5-79
16-->[com.google.firebase:firebase-auth:22.3.1] AndroidManifest.xml:26:22-76
17    <uses-permission android:name="com.google.android.providers.gsf.permission.READ_GSERVICES" />
17-->[com.google.android.recaptcha:recaptcha:18.4.0] AndroidManifest.xml:9:5-98
17-->[com.google.android.recaptcha:recaptcha:18.4.0] AndroidManifest.xml:9:22-95
18
19    <permission
19-->[androidx.core:core:1.10.1] AndroidManifest.xml:22:5-24:47
20        android:name="com.pablovaranaranjo.flutterchat.DYNAMIC_RECEIVER_NOT_EXPORTED_PERMISSION"
20-->[androidx.core:core:1.10.1] AndroidManifest.xml:23:9-81
21        android:protectionLevel="signature" />
21-->[androidx.core:core:1.10.1] AndroidManifest.xml:24:9-44
22
23    <uses-permission android:name="com.pablovaranaranjo.flutterchat.DYNAMIC_RECEIVER_NOT_EXPORTED_PERMISSION" />
23-->[androidx.core:core:1.10.1] AndroidManifest.xml:26:5-97
23-->[androidx.core:core:1.10.1] AndroidManifest.xml:26:22-94
24
25    <application
26        android:name="android.app.Application"
27        android:appComponentFactory="androidx.core.app.CoreComponentFactory"
27-->[androidx.core:core:1.10.1] AndroidManifest.xml:28:18-86
28        android:debuggable="true"
29        android:icon="@mipmap/ic_launcher"
30        android:label="tfg_flutter_chat_pablo_vara_naranjo" >
31        <activity
32            android:name="com.example.tfg_flutter_chat_pablo_vara_naranjo.MainActivity"
33            android:configChanges="orientation|keyboardHidden|keyboard|screenSize|smallestScreenSize|locale|layoutDirection|fontScale|screenLayout|density|uiMode"
34            android:exported="true"
35            android:hardwareAccelerated="true"
36            android:launchMode="singleTop"
37            android:theme="@style/LaunchTheme"
38            android:windowSoftInputMode="adjustResize" >
39
40            <!--
41                 Specifies an Android theme to apply to this Activity as soon as
42                 the Android process has started. This theme is visible to the user
43                 while the Flutter UI initializes. After that, this theme continues
44                 to determine the Window background behind the Flutter UI.
45            -->
46            <meta-data
47                android:name="io.flutter.embedding.android.NormalTheme"
48                android:resource="@style/NormalTheme" />
49
50            <intent-filter>
51                <action android:name="android.intent.action.MAIN" />
52
53                <category android:name="android.intent.category.LAUNCHER" />
54            </intent-filter>
55        </activity>
56        <!--
57             Don't delete the meta-data below.
58             This is used by the Flutter tool to generate GeneratedPluginRegistrant.java
59        -->
60        <activity
61            android:name="com.yalantis.ucrop.UCropActivity"
62            android:screenOrientation="portrait"
63            android:theme="@style/Theme.AppCompat.Light.NoActionBar" />
64
65        <meta-data
66            android:name="flutterEmbedding"
67            android:value="2" />
68
69        <service
69-->[:firebase_auth] AndroidManifest.xml:10:9-14:19
70            android:name="com.google.firebase.components.ComponentDiscoveryService"
70-->[:firebase_auth] AndroidManifest.xml:10:18-89
71            android:directBootAware="true"
71-->[com.google.firebase:firebase-common:20.4.2] AndroidManifest.xml:32:13-43
72            android:exported="false" >
72-->[com.google.firebase:firebase-auth:22.3.1] AndroidManifest.xml:68:13-37
73            <meta-data
73-->[:firebase_auth] AndroidManifest.xml:11:13-13:85
74                android:name="com.google.firebase.components:io.flutter.plugins.firebase.auth.FlutterFirebaseAuthRegistrar"
74-->[:firebase_auth] AndroidManifest.xml:12:17-124
75                android:value="com.google.firebase.components.ComponentRegistrar" />
75-->[:firebase_auth] AndroidManifest.xml:13:17-82
76            <meta-data
76-->[:firebase_storage] AndroidManifest.xml:11:13-13:85
77                android:name="com.google.firebase.components:io.flutter.plugins.firebase.storage.FlutterFirebaseAppRegistrar"
77-->[:firebase_storage] AndroidManifest.xml:12:17-126
78                android:value="com.google.firebase.components.ComponentRegistrar" />
78-->[:firebase_storage] AndroidManifest.xml:13:17-82
79            <meta-data
79-->[:cloud_firestore] AndroidManifest.xml:11:13-13:85
80                android:name="com.google.firebase.components:io.flutter.plugins.firebase.firestore.FlutterFirebaseFirestoreRegistrar"
80-->[:cloud_firestore] AndroidManifest.xml:12:17-134
81                android:value="com.google.firebase.components.ComponentRegistrar" />
81-->[:cloud_firestore] AndroidManifest.xml:13:17-82
82            <meta-data
82-->[:firebase_core] AndroidManifest.xml:11:13-13:85
83                android:name="com.google.firebase.components:io.flutter.plugins.firebase.core.FlutterFirebaseCoreRegistrar"
83-->[:firebase_core] AndroidManifest.xml:12:17-124
84                android:value="com.google.firebase.components.ComponentRegistrar" />
84-->[:firebase_core] AndroidManifest.xml:13:17-82
85            <meta-data
85-->[com.google.firebase:firebase-auth:22.3.1] AndroidManifest.xml:69:13-71:85
86                android:name="com.google.firebase.components:com.google.firebase.auth.FirebaseAuthRegistrar"
86-->[com.google.firebase:firebase-auth:22.3.1] AndroidManifest.xml:70:17-109
87                android:value="com.google.firebase.components.ComponentRegistrar" />
87-->[com.google.firebase:firebase-auth:22.3.1] AndroidManifest.xml:71:17-82
88            <meta-data
88-->[com.google.firebase:firebase-firestore:24.10.3] AndroidManifest.xml:17:13-19:85
89                android:name="com.google.firebase.components:com.google.firebase.firestore.FirebaseFirestoreKtxRegistrar"
89-->[com.google.firebase:firebase-firestore:24.10.3] AndroidManifest.xml:18:17-122
90                android:value="com.google.firebase.components.ComponentRegistrar" />
90-->[com.google.firebase:firebase-firestore:24.10.3] AndroidManifest.xml:19:17-82
91            <meta-data
91-->[com.google.firebase:firebase-firestore:24.10.3] AndroidManifest.xml:20:13-22:85
92                android:name="com.google.firebase.components:com.google.firebase.firestore.FirestoreRegistrar"
92-->[com.google.firebase:firebase-firestore:24.10.3] AndroidManifest.xml:21:17-111
93                android:value="com.google.firebase.components.ComponentRegistrar" />
93-->[com.google.firebase:firebase-firestore:24.10.3] AndroidManifest.xml:22:17-82
94            <meta-data
94-->[com.google.firebase:firebase-storage:20.3.0] AndroidManifest.xml:30:13-32:85
95                android:name="com.google.firebase.components:com.google.firebase.storage.FirebaseStorageKtxRegistrar"
95-->[com.google.firebase:firebase-storage:20.3.0] AndroidManifest.xml:31:17-118
96                android:value="com.google.firebase.components.ComponentRegistrar" />
96-->[com.google.firebase:firebase-storage:20.3.0] AndroidManifest.xml:32:17-82
97            <meta-data
97-->[com.google.firebase:firebase-storage:20.3.0] AndroidManifest.xml:33:13-35:85
98                android:name="com.google.firebase.components:com.google.firebase.storage.StorageRegistrar"
98-->[com.google.firebase:firebase-storage:20.3.0] AndroidManifest.xml:34:17-107
99                android:value="com.google.firebase.components.ComponentRegistrar" />
99-->[com.google.firebase:firebase-storage:20.3.0] AndroidManifest.xml:35:17-82
100            <meta-data
100-->[com.google.firebase:firebase-appcheck:17.1.2] AndroidManifest.xml:25:13-27:85
101                android:name="com.google.firebase.components:com.google.firebase.appcheck.FirebaseAppCheckKtxRegistrar"
101-->[com.google.firebase:firebase-appcheck:17.1.2] AndroidManifest.xml:26:17-120
102                android:value="com.google.firebase.components.ComponentRegistrar" />
102-->[com.google.firebase:firebase-appcheck:17.1.2] AndroidManifest.xml:27:17-82
103            <meta-data
103-->[com.google.firebase:firebase-appcheck:17.1.2] AndroidManifest.xml:28:13-30:85
104                android:name="com.google.firebase.components:com.google.firebase.appcheck.FirebaseAppCheckRegistrar"
104-->[com.google.firebase:firebase-appcheck:17.1.2] AndroidManifest.xml:29:17-117
105                android:value="com.google.firebase.components.ComponentRegistrar" />
105-->[com.google.firebase:firebase-appcheck:17.1.2] AndroidManifest.xml:30:17-82
106            <meta-data
106-->[com.google.firebase:firebase-common-ktx:20.4.2] AndroidManifest.xml:12:13-14:85
107                android:name="com.google.firebase.components:com.google.firebase.ktx.FirebaseCommonLegacyRegistrar"
107-->[com.google.firebase:firebase-common-ktx:20.4.2] AndroidManifest.xml:13:17-116
108                android:value="com.google.firebase.components.ComponentRegistrar" />
108-->[com.google.firebase:firebase-common-ktx:20.4.2] AndroidManifest.xml:14:17-82
109            <meta-data
109-->[com.google.firebase:firebase-common:20.4.2] AndroidManifest.xml:35:13-37:85
110                android:name="com.google.firebase.components:com.google.firebase.FirebaseCommonKtxRegistrar"
110-->[com.google.firebase:firebase-common:20.4.2] AndroidManifest.xml:36:17-109
111                android:value="com.google.firebase.components.ComponentRegistrar" />
111-->[com.google.firebase:firebase-common:20.4.2] AndroidManifest.xml:37:17-82
112        </service>
113
114        <provider
114-->[:image_picker_android] AndroidManifest.xml:10:9-18:20
115            android:name="io.flutter.plugins.imagepicker.ImagePickerFileProvider"
115-->[:image_picker_android] AndroidManifest.xml:11:13-82
116            android:authorities="com.pablovaranaranjo.flutterchat.flutter.image_provider"
116-->[:image_picker_android] AndroidManifest.xml:12:13-74
117            android:exported="false"
117-->[:image_picker_android] AndroidManifest.xml:13:13-37
118            android:grantUriPermissions="true" >
118-->[:image_picker_android] AndroidManifest.xml:14:13-47
119            <meta-data
119-->[:image_picker_android] AndroidManifest.xml:15:13-17:75
120                android:name="android.support.FILE_PROVIDER_PATHS"
120-->[:image_picker_android] AndroidManifest.xml:16:17-67
121                android:resource="@xml/flutter_image_picker_file_paths" />
121-->[:image_picker_android] AndroidManifest.xml:17:17-72
122        </provider>
123
124        <activity
124-->[com.google.firebase:firebase-auth:22.3.1] AndroidManifest.xml:29:9-46:20
125            android:name="com.google.firebase.auth.internal.GenericIdpActivity"
125-->[com.google.firebase:firebase-auth:22.3.1] AndroidManifest.xml:30:13-80
126            android:excludeFromRecents="true"
126-->[com.google.firebase:firebase-auth:22.3.1] AndroidManifest.xml:31:13-46
127            android:exported="true"
127-->[com.google.firebase:firebase-auth:22.3.1] AndroidManifest.xml:32:13-36
128            android:launchMode="singleTask"
128-->[com.google.firebase:firebase-auth:22.3.1] AndroidManifest.xml:33:13-44
129            android:theme="@android:style/Theme.Translucent.NoTitleBar" >
129-->[com.google.firebase:firebase-auth:22.3.1] AndroidManifest.xml:34:13-72
130            <intent-filter>
130-->[com.google.firebase:firebase-auth:22.3.1] AndroidManifest.xml:35:13-45:29
131                <action android:name="android.intent.action.VIEW" />
131-->[com.google.firebase:firebase-auth:22.3.1] AndroidManifest.xml:36:17-69
131-->[com.google.firebase:firebase-auth:22.3.1] AndroidManifest.xml:36:25-66
132
133                <category android:name="android.intent.category.DEFAULT" />
133-->[com.google.firebase:firebase-auth:22.3.1] AndroidManifest.xml:38:17-76
133-->[com.google.firebase:firebase-auth:22.3.1] AndroidManifest.xml:38:27-73
134                <category android:name="android.intent.category.BROWSABLE" />
134-->[com.google.firebase:firebase-auth:22.3.1] AndroidManifest.xml:39:17-78
134-->[com.google.firebase:firebase-auth:22.3.1] AndroidManifest.xml:39:27-75
135
136                <data
136-->[com.google.firebase:firebase-auth:22.3.1] AndroidManifest.xml:41:17-44:51
137                    android:host="firebase.auth"
137-->[com.google.firebase:firebase-auth:22.3.1] AndroidManifest.xml:42:21-49
138                    android:path="/"
138-->[com.google.firebase:firebase-auth:22.3.1] AndroidManifest.xml:43:21-37
139                    android:scheme="genericidp" />
139-->[com.google.firebase:firebase-auth:22.3.1] AndroidManifest.xml:44:21-48
140            </intent-filter>
141        </activity>
142        <activity
142-->[com.google.firebase:firebase-auth:22.3.1] AndroidManifest.xml:47:9-64:20
143            android:name="com.google.firebase.auth.internal.RecaptchaActivity"
143-->[com.google.firebase:firebase-auth:22.3.1] AndroidManifest.xml:48:13-79
144            android:excludeFromRecents="true"
144-->[com.google.firebase:firebase-auth:22.3.1] AndroidManifest.xml:49:13-46
145            android:exported="true"
145-->[com.google.firebase:firebase-auth:22.3.1] AndroidManifest.xml:50:13-36
146            android:launchMode="singleTask"
146-->[com.google.firebase:firebase-auth:22.3.1] AndroidManifest.xml:51:13-44
147            android:theme="@android:style/Theme.Translucent.NoTitleBar" >
147-->[com.google.firebase:firebase-auth:22.3.1] AndroidManifest.xml:52:13-72
148            <intent-filter>
148-->[com.google.firebase:firebase-auth:22.3.1] AndroidManifest.xml:53:13-63:29
149                <action android:name="android.intent.action.VIEW" />
149-->[com.google.firebase:firebase-auth:22.3.1] AndroidManifest.xml:36:17-69
149-->[com.google.firebase:firebase-auth:22.3.1] AndroidManifest.xml:36:25-66
150
151                <category android:name="android.intent.category.DEFAULT" />
151-->[com.google.firebase:firebase-auth:22.3.1] AndroidManifest.xml:38:17-76
151-->[com.google.firebase:firebase-auth:22.3.1] AndroidManifest.xml:38:27-73
152                <category android:name="android.intent.category.BROWSABLE" />
152-->[com.google.firebase:firebase-auth:22.3.1] AndroidManifest.xml:39:17-78
152-->[com.google.firebase:firebase-auth:22.3.1] AndroidManifest.xml:39:27-75
153
154                <data
154-->[com.google.firebase:firebase-auth:22.3.1] AndroidManifest.xml:41:17-44:51
155                    android:host="firebase.auth"
155-->[com.google.firebase:firebase-auth:22.3.1] AndroidManifest.xml:42:21-49
156                    android:path="/"
156-->[com.google.firebase:firebase-auth:22.3.1] AndroidManifest.xml:43:21-37
157                    android:scheme="recaptcha" />
157-->[com.google.firebase:firebase-auth:22.3.1] AndroidManifest.xml:44:21-48
158            </intent-filter>
159        </activity>
160        <activity
160-->[com.google.android.gms:play-services-auth:20.4.0] AndroidManifest.xml:23:9-27:75
161            android:name="com.google.android.gms.auth.api.signin.internal.SignInHubActivity"
161-->[com.google.android.gms:play-services-auth:20.4.0] AndroidManifest.xml:24:13-93
162            android:excludeFromRecents="true"
162-->[com.google.android.gms:play-services-auth:20.4.0] AndroidManifest.xml:25:13-46
163            android:exported="false"
163-->[com.google.android.gms:play-services-auth:20.4.0] AndroidManifest.xml:26:13-37
164            android:theme="@android:style/Theme.Translucent.NoTitleBar" />
164-->[com.google.android.gms:play-services-auth:20.4.0] AndroidManifest.xml:27:13-72
165        <!--
166            Service handling Google Sign-In user revocation. For apps that do not integrate with
167            Google Sign-In, this service will never be started.
168        -->
169        <service
169-->[com.google.android.gms:play-services-auth:20.4.0] AndroidManifest.xml:33:9-37:51
170            android:name="com.google.android.gms.auth.api.signin.RevocationBoundService"
170-->[com.google.android.gms:play-services-auth:20.4.0] AndroidManifest.xml:34:13-89
171            android:exported="true"
171-->[com.google.android.gms:play-services-auth:20.4.0] AndroidManifest.xml:35:13-36
172            android:permission="com.google.android.gms.auth.api.signin.permission.REVOCATION_NOTIFICATION"
172-->[com.google.android.gms:play-services-auth:20.4.0] AndroidManifest.xml:36:13-107
173            android:visibleToInstantApps="true" />
173-->[com.google.android.gms:play-services-auth:20.4.0] AndroidManifest.xml:37:13-48
174
175        <activity
175-->[com.google.android.gms:play-services-base:18.1.0] AndroidManifest.xml:20:9-22:45
176            android:name="com.google.android.gms.common.api.GoogleApiActivity"
176-->[com.google.android.gms:play-services-base:18.1.0] AndroidManifest.xml:20:19-85
177            android:exported="false"
177-->[com.google.android.gms:play-services-base:18.1.0] AndroidManifest.xml:22:19-43
178            android:theme="@android:style/Theme.Translucent.NoTitleBar" />
178-->[com.google.android.gms:play-services-base:18.1.0] AndroidManifest.xml:21:19-78
179
180        <provider
180-->[com.google.firebase:firebase-common:20.4.2] AndroidManifest.xml:23:9-28:39
181            android:name="com.google.firebase.provider.FirebaseInitProvider"
181-->[com.google.firebase:firebase-common:20.4.2] AndroidManifest.xml:24:13-77
182            android:authorities="com.pablovaranaranjo.flutterchat.firebaseinitprovider"
182-->[com.google.firebase:firebase-common:20.4.2] AndroidManifest.xml:25:13-72
183            android:directBootAware="true"
183-->[com.google.firebase:firebase-common:20.4.2] AndroidManifest.xml:26:13-43
184            android:exported="false"
184-->[com.google.firebase:firebase-common:20.4.2] AndroidManifest.xml:27:13-37
185            android:initOrder="100" />
185-->[com.google.firebase:firebase-common:20.4.2] AndroidManifest.xml:28:13-36
186
187        <meta-data
187-->[com.google.android.gms:play-services-basement:18.3.0] AndroidManifest.xml:21:9-23:69
188            android:name="com.google.android.gms.version"
188-->[com.google.android.gms:play-services-basement:18.3.0] AndroidManifest.xml:22:13-58
189            android:value="@integer/google_play_services_version" />
189-->[com.google.android.gms:play-services-basement:18.3.0] AndroidManifest.xml:23:13-66
190
191        <uses-library
191-->[androidx.window:window:1.0.0-beta04] AndroidManifest.xml:25:9-27:40
192            android:name="androidx.window.extensions"
192-->[androidx.window:window:1.0.0-beta04] AndroidManifest.xml:26:13-54
193            android:required="false" />
193-->[androidx.window:window:1.0.0-beta04] AndroidManifest.xml:27:13-37
194        <uses-library
194-->[androidx.window:window:1.0.0-beta04] AndroidManifest.xml:28:9-30:40
195            android:name="androidx.window.sidecar"
195-->[androidx.window:window:1.0.0-beta04] AndroidManifest.xml:29:13-51
196            android:required="false" />
196-->[androidx.window:window:1.0.0-beta04] AndroidManifest.xml:30:13-37
197
198        <provider
198-->[androidx.profileinstaller:profileinstaller:1.3.0] AndroidManifest.xml:24:9-32:20
199            android:name="androidx.startup.InitializationProvider"
199-->[androidx.profileinstaller:profileinstaller:1.3.0] AndroidManifest.xml:25:13-67
200            android:authorities="com.pablovaranaranjo.flutterchat.androidx-startup"
200-->[androidx.profileinstaller:profileinstaller:1.3.0] AndroidManifest.xml:26:13-68
201            android:exported="false" >
201-->[androidx.profileinstaller:profileinstaller:1.3.0] AndroidManifest.xml:27:13-37
202            <meta-data
202-->[androidx.profileinstaller:profileinstaller:1.3.0] AndroidManifest.xml:29:13-31:52
203                android:name="androidx.profileinstaller.ProfileInstallerInitializer"
203-->[androidx.profileinstaller:profileinstaller:1.3.0] AndroidManifest.xml:30:17-85
204                android:value="androidx.startup" />
204-->[androidx.profileinstaller:profileinstaller:1.3.0] AndroidManifest.xml:31:17-49
205        </provider>
206
207        <receiver
207-->[androidx.profileinstaller:profileinstaller:1.3.0] AndroidManifest.xml:34:9-52:20
208            android:name="androidx.profileinstaller.ProfileInstallReceiver"
208-->[androidx.profileinstaller:profileinstaller:1.3.0] AndroidManifest.xml:35:13-76
209            android:directBootAware="false"
209-->[androidx.profileinstaller:profileinstaller:1.3.0] AndroidManifest.xml:36:13-44
210            android:enabled="true"
210-->[androidx.profileinstaller:profileinstaller:1.3.0] AndroidManifest.xml:37:13-35
211            android:exported="true"
211-->[androidx.profileinstaller:profileinstaller:1.3.0] AndroidManifest.xml:38:13-36
212            android:permission="android.permission.DUMP" >
212-->[androidx.profileinstaller:profileinstaller:1.3.0] AndroidManifest.xml:39:13-57
213            <intent-filter>
213-->[androidx.profileinstaller:profileinstaller:1.3.0] AndroidManifest.xml:40:13-42:29
214                <action android:name="androidx.profileinstaller.action.INSTALL_PROFILE" />
214-->[androidx.profileinstaller:profileinstaller:1.3.0] AndroidManifest.xml:41:17-91
214-->[androidx.profileinstaller:profileinstaller:1.3.0] AndroidManifest.xml:41:25-88
215            </intent-filter>
216            <intent-filter>
216-->[androidx.profileinstaller:profileinstaller:1.3.0] AndroidManifest.xml:43:13-45:29
217                <action android:name="androidx.profileinstaller.action.SKIP_FILE" />
217-->[androidx.profileinstaller:profileinstaller:1.3.0] AndroidManifest.xml:44:17-85
217-->[androidx.profileinstaller:profileinstaller:1.3.0] AndroidManifest.xml:44:25-82
218            </intent-filter>
219            <intent-filter>
219-->[androidx.profileinstaller:profileinstaller:1.3.0] AndroidManifest.xml:46:13-48:29
220                <action android:name="androidx.profileinstaller.action.SAVE_PROFILE" />
220-->[androidx.profileinstaller:profileinstaller:1.3.0] AndroidManifest.xml:47:17-88
220-->[androidx.profileinstaller:profileinstaller:1.3.0] AndroidManifest.xml:47:25-85
221            </intent-filter>
222            <intent-filter>
222-->[androidx.profileinstaller:profileinstaller:1.3.0] AndroidManifest.xml:49:13-51:29
223                <action android:name="androidx.profileinstaller.action.BENCHMARK_OPERATION" />
223-->[androidx.profileinstaller:profileinstaller:1.3.0] AndroidManifest.xml:50:17-95
223-->[androidx.profileinstaller:profileinstaller:1.3.0] AndroidManifest.xml:50:25-92
224            </intent-filter>
225        </receiver>
226    </application>
227
228</manifest>